2022-07-06 18:46:44,791 - Initializing Velocity, Calling init()...
2022-07-06 18:46:44,791 - Starting Apache Velocity v1.7 (compiled: 2010-11-19 12:14:37)
2022-07-06 18:46:44,791 - Default Properties File: org\apache\velocity\runtime\defaults\velocity.properties
2022-07-06 18:46:44,791 - Trying to use logger class org.apache.velocity.runtime.log.AvalonLogChute
2022-07-06 18:46:44,791 - Target log system for org.apache.velocity.runtime.log.AvalonLogChute is not available (java.lang.NoClassDefFoundError: org/apache/log/format/Formatter).  Falling back to next log system...
2022-07-06 18:46:44,791 - Trying to use logger class org.apache.velocity.runtime.log.Log4JLogChute
2022-07-06 18:46:44,791 - Using logger class org.apache.velocity.runtime.log.Log4JLogChute
2022-07-06 18:46:44,793 - ResourceLoader instantiated: org.apache.velocity.runtime.resource.loader.ClasspathResourceLoader
2022-07-06 18:46:44,804 - ResourceCache: initialized (class org.apache.velocity.runtime.resource.ResourceCacheImpl) with class java.util.Collections$SynchronizedMap cache map.
2022-07-06 18:46:44,805 - Loaded System Directive: org.apache.velocity.runtime.directive.Stop
2022-07-06 18:46:44,806 - Loaded System Directive: org.apache.velocity.runtime.directive.Define
2022-07-06 18:46:44,807 - Loaded System Directive: org.apache.velocity.runtime.directive.Break
2022-07-06 18:46:44,807 - Loaded System Directive: org.apache.velocity.runtime.directive.Evaluate
2022-07-06 18:46:44,808 - Loaded System Directive: org.apache.velocity.runtime.directive.Literal
2022-07-06 18:46:44,808 - Loaded System Directive: org.apache.velocity.runtime.directive.Macro
2022-07-06 18:46:44,809 - Loaded System Directive: org.apache.velocity.runtime.directive.Parse
2022-07-06 18:46:44,810 - Loaded System Directive: org.apache.velocity.runtime.directive.Include
2022-07-06 18:46:44,810 - Loaded System Directive: org.apache.velocity.runtime.directive.Foreach
2022-07-06 18:46:44,831 - Created '20' parsers.
2022-07-06 18:46:44,834 - Velocimacro : "velocimacro.library" is not set.  Trying default library: VM_global_library.vm
2022-07-06 18:46:44,834 - Could not load resource 'VM_global_library.vm' from ResourceLoader org.apache.velocity.runtime.resource.loader.ClasspathResourceLoader: ClasspathResourceLoader Error: cannot find resource VM_global_library.vm
2022-07-06 18:46:44,834 - Velocimacro : Default library not found.
2022-07-06 18:46:44,834 - Velocimacro : allowInline = true : VMs can be defined inline in templates
2022-07-06 18:46:44,834 - Velocimacro : allowInlineToOverride = false : VMs defined inline may NOT replace previous VM definitions
2022-07-06 18:46:44,834 - Velocimacro : allowInlineLocal = false : VMs defined inline will be global in scope if allowed.
2022-07-06 18:46:44,835 - Velocimacro : autoload off : VM system will not automatically reload global library macros
2022-07-06 18:46:44,916 - ResourceManager : found templates/generators/errorpage.vm with loader org.apache.velocity.runtime.resource.loader.ClasspathResourceLoader
2022-07-06 18:46:44,919 - ResourceManager : found /templates/headers.vm with loader org.apache.velocity.runtime.resource.loader.ClasspathResourceLoader
2022-07-06 18:46:44,920 - ResourceManager : found /templates/head.vm with loader org.apache.velocity.runtime.resource.loader.ClasspathResourceLoader
2022-07-06 18:46:44,921 - Velocimacro : added VM stringArray: source=/templates/macros/array.js.vm
2022-07-06 18:46:44,921 - Velocimacro : added VM numberArray: source=/templates/macros/array.js.vm
2022-07-06 18:46:44,921 - ResourceManager : found /templates/macros/array.js.vm with loader org.apache.velocity.runtime.resource.loader.ClasspathResourceLoader
2022-07-06 18:46:44,923 - Velocimacro : added VM includeBuildInfo: source=/templates/macros/page/buildinfo.vm
2022-07-06 18:46:44,923 - ResourceManager : found /templates/macros/page/buildinfo.vm with loader org.apache.velocity.runtime.resource.loader.ClasspathResourceLoader
2022-07-06 18:46:44,926 - Velocimacro : added VM includeClassifications: source=/templates/macros/page/classifications.vm
2022-07-06 18:46:44,926 - ResourceManager : found /templates/macros/page/classifications.vm with loader org.apache.velocity.runtime.resource.loader.ClasspathResourceLoader
2022-07-06 18:46:44,927 - Velocimacro : added VM includeLead: source=/templates/macros/page/lead.vm
2022-07-06 18:46:44,927 - ResourceManager : found /templates/macros/page/lead.vm with loader org.apache.velocity.runtime.resource.loader.ClasspathResourceLoader
2022-07-06 18:46:44,930 - Velocimacro : added VM includeNavigation: source=/templates/macros/page/navigation.vm
2022-07-06 18:46:44,930 - ResourceManager : found /templates/macros/page/navigation.vm with loader org.apache.velocity.runtime.resource.loader.ClasspathResourceLoader
2022-07-06 18:46:44,931 - Velocimacro : added VM includeReportInfo: source=/templates/macros/page/reportInfo.vm
2022-07-06 18:46:44,931 - ResourceManager : found /templates/macros/page/reportInfo.vm with loader org.apache.velocity.runtime.resource.loader.ClasspathResourceLoader
2022-07-06 18:46:44,931 - Velocimacro : added VM includeTitle: source=/templates/macros/page/title.vm
2022-07-06 18:46:44,931 - ResourceManager : found /templates/macros/page/title.vm with loader org.apache.velocity.runtime.resource.loader.ClasspathResourceLoader
2022-07-06 18:46:44,933 - Velocimacro : added VM includeExpandingButtons: source=/templates/macros/report/expandAllButtons.vm
2022-07-06 18:46:44,933 - ResourceManager : found /templates/macros/report/expandAllButtons.vm with loader org.apache.velocity.runtime.resource.loader.ClasspathResourceLoader
2022-07-06 18:46:44,936 - Velocimacro : added VM includeReportTable: source=/templates/macros/report/reportTable.vm
2022-07-06 18:46:44,936 - ResourceManager : found /templates/macros/report/reportTable.vm with loader org.apache.velocity.runtime.resource.loader.ClasspathResourceLoader
2022-07-06 18:46:44,936 - Velocimacro : added VM includeReportHeader: source=/templates/macros/report/reportHeader.vm
2022-07-06 18:46:44,937 - ResourceManager : found /templates/macros/report/reportHeader.vm with loader org.apache.velocity.runtime.resource.loader.ClasspathResourceLoader
2022-07-06 18:46:44,940 - Velocimacro : added VM includeStatsTable: source=/templates/macros/report/statsTable.vm
2022-07-06 18:46:44,940 - ResourceManager : found /templates/macros/report/statsTable.vm with loader org.apache.velocity.runtime.resource.loader.ClasspathResourceLoader
2022-07-06 18:46:44,941 - Velocimacro : added VM includeBrief: source=/templates/macros/json/brief.vm
2022-07-06 18:46:44,941 - ResourceManager : found /templates/macros/json/brief.vm with loader org.apache.velocity.runtime.resource.loader.ClasspathResourceLoader
2022-07-06 18:46:44,942 - Velocimacro : added VM includeDocString: source=/templates/macros/json/docstring.vm
2022-07-06 18:46:44,942 - ResourceManager : found /templates/macros/json/docstring.vm with loader org.apache.velocity.runtime.resource.loader.ClasspathResourceLoader
2022-07-06 18:46:44,942 - Velocimacro : added VM includeDuration: source=/templates/macros/json/duration.vm
2022-07-06 18:46:44,942 - ResourceManager : found /templates/macros/json/duration.vm with loader org.apache.velocity.runtime.resource.loader.ClasspathResourceLoader
2022-07-06 18:46:44,944 - Velocimacro : added VM includeElement: source=/templates/macros/json/element.vm
2022-07-06 18:46:44,944 - ResourceManager : found /templates/macros/json/element.vm with loader org.apache.velocity.runtime.resource.loader.ClasspathResourceLoader
2022-07-06 18:46:44,949 - Velocimacro : added VM includeEmbeddings: source=/templates/macros/json/embeddings.vm
2022-07-06 18:46:44,950 - Velocimacro : added VM includeHtmlEmbedding: source=/templates/macros/json/embeddings.vm
2022-07-06 18:46:44,950 - Velocimacro : added VM includeVideoEmbedding: source=/templates/macros/json/embeddings.vm
2022-07-06 18:46:44,950 - Velocimacro : added VM includeImageEmbedding: source=/templates/macros/json/embeddings.vm
2022-07-06 18:46:44,950 - Velocimacro : added VM includeImageReferenceEmbedding: source=/templates/macros/json/embeddings.vm
2022-07-06 18:46:44,950 - Velocimacro : added VM includeTextEmbedding: source=/templates/macros/json/embeddings.vm
2022-07-06 18:46:44,950 - Velocimacro : added VM includeUnknownEmbedding: source=/templates/macros/json/embeddings.vm
2022-07-06 18:46:44,950 - ResourceManager : found /templates/macros/json/embeddings.vm with loader org.apache.velocity.runtime.resource.loader.ClasspathResourceLoader
2022-07-06 18:46:44,952 - Velocimacro : added VM includeHooks: source=/templates/macros/json/hooks.vm
2022-07-06 18:46:44,952 - ResourceManager : found /templates/macros/json/hooks.vm with loader org.apache.velocity.runtime.resource.loader.ClasspathResourceLoader
2022-07-06 18:46:44,953 - Velocimacro : added VM includeOutput: source=/templates/macros/json/output.vm
2022-07-06 18:46:44,953 - ResourceManager : found /templates/macros/json/output.vm with loader org.apache.velocity.runtime.resource.loader.ClasspathResourceLoader
2022-07-06 18:46:44,954 - Velocimacro : added VM includeMessage: source=/templates/macros/json/message.vm
2022-07-06 18:46:44,954 - ResourceManager : found /templates/macros/json/message.vm with loader org.apache.velocity.runtime.resource.loader.ClasspathResourceLoader
2022-07-06 18:46:44,955 - Velocimacro : added VM includeSteps: source=/templates/macros/json/steps.vm
2022-07-06 18:46:44,955 - ResourceManager : found /templates/macros/json/steps.vm with loader org.apache.velocity.runtime.resource.loader.ClasspathResourceLoader
2022-07-06 18:46:44,956 - Velocimacro : added VM includeStepName: source=/templates/macros/json/stepName.vm
2022-07-06 18:46:44,956 - ResourceManager : found /templates/macros/json/stepName.vm with loader org.apache.velocity.runtime.resource.loader.ClasspathResourceLoader
2022-07-06 18:46:44,956 - Velocimacro : added VM includeTags: source=/templates/macros/json/tags.vm
2022-07-06 18:46:44,956 - ResourceManager : found /templates/macros/json/tags.vm with loader org.apache.velocity.runtime.resource.loader.ClasspathResourceLoader
2022-07-06 18:46:44,962 - VM #includeNavigation: too few arguments to macro. Wanted 1 got 0
2022-07-06 18:46:44,963 - Left side ($active_tab) of '==' operation has null value. If it is a reference, it may not be in the context or its toString() returned null. /templates/macros/page/navigation.vm[line 14, column 51]
2022-07-06 18:46:44,963 - Left side ($active_tab) of '==' operation has null value. If it is a reference, it may not be in the context or its toString() returned null. /templates/macros/page/navigation.vm[line 15, column 51]
2022-07-06 18:46:44,963 - Left side ($active_tab) of '==' operation has null value. If it is a reference, it may not be in the context or its toString() returned null. /templates/macros/page/navigation.vm[line 16, column 51]
2022-07-06 18:46:44,963 - Left side ($active_tab) of '==' operation has null value. If it is a reference, it may not be in the context or its toString() returned null. /templates/macros/page/navigation.vm[line 20, column 51]
2022-07-06 18:46:44,977 - ResourceManager : found /templates/footer.vm with loader org.apache.velocity.runtime.resource.loader.ClasspathResourceLoader
2022-07-27 13:25:49,024 - Log4JLogChute initialized using file 'target\velocity.log'
2022-07-27 13:25:49,063 - Initializing Velocity, Calling init()...
2022-07-27 13:25:49,063 - Starting Apache Velocity v1.7 (compiled: 2010-11-19 12:14:37)
2022-07-27 13:25:49,063 - Default Properties File: org\apache\velocity\runtime\defaults\velocity.properties
2022-07-27 13:25:49,063 - Trying to use logger class org.apache.velocity.runtime.log.AvalonLogChute
2022-07-27 13:25:49,063 - Target log system for org.apache.velocity.runtime.log.AvalonLogChute is not available (java.lang.NoClassDefFoundError: org/apache/log/format/Formatter).  Falling back to next log system...
2022-07-27 13:25:49,063 - Trying to use logger class org.apache.velocity.runtime.log.Log4JLogChute
2022-07-27 13:25:49,063 - Using logger class org.apache.velocity.runtime.log.Log4JLogChute
2022-07-27 13:25:49,065 - ResourceLoader instantiated: org.apache.velocity.runtime.resource.loader.ClasspathResourceLoader
2022-07-27 13:25:49,072 - ResourceCache: initialized (class org.apache.velocity.runtime.resource.ResourceCacheImpl) with class java.util.Collections$SynchronizedMap cache map.
2022-07-27 13:25:49,074 - Loaded System Directive: org.apache.velocity.runtime.directive.Stop
2022-07-27 13:25:49,075 - Loaded System Directive: org.apache.velocity.runtime.directive.Define
2022-07-27 13:25:49,076 - Loaded System Directive: org.apache.velocity.runtime.directive.Break
2022-07-27 13:25:49,077 - Loaded System Directive: org.apache.velocity.runtime.directive.Evaluate
2022-07-27 13:25:49,077 - Loaded System Directive: org.apache.velocity.runtime.directive.Literal
2022-07-27 13:25:49,078 - Loaded System Directive: org.apache.velocity.runtime.directive.Macro
2022-07-27 13:25:49,079 - Loaded System Directive: org.apache.velocity.runtime.directive.Parse
2022-07-27 13:25:49,079 - Loaded System Directive: org.apache.velocity.runtime.directive.Include
2022-07-27 13:25:49,080 - Loaded System Directive: org.apache.velocity.runtime.directive.Foreach
2022-07-27 13:25:49,100 - Created '20' parsers.
2022-07-27 13:25:49,103 - Velocimacro : "velocimacro.library" is not set.  Trying default library: VM_global_library.vm
2022-07-27 13:25:49,105 - Could not load resource 'VM_global_library.vm' from ResourceLoader org.apache.velocity.runtime.resource.loader.ClasspathResourceLoader: ClasspathResourceLoader Error: cannot find resource VM_global_library.vm
2022-07-27 13:25:49,105 - Velocimacro : Default library not found.
2022-07-27 13:25:49,105 - Velocimacro : allowInline = true : VMs can be defined inline in templates
2022-07-27 13:25:49,105 - Velocimacro : allowInlineToOverride = false : VMs defined inline may NOT replace previous VM definitions
2022-07-27 13:25:49,105 - Velocimacro : allowInlineLocal = false : VMs defined inline will be global in scope if allowed.
2022-07-27 13:25:49,105 - Velocimacro : autoload off : VM system will not automatically reload global library macros
2022-07-27 13:25:49,173 - ResourceManager : found templates/generators/errorpage.vm with loader org.apache.velocity.runtime.resource.loader.ClasspathResourceLoader
2022-07-27 13:25:49,176 - ResourceManager : found /templates/headers.vm with loader org.apache.velocity.runtime.resource.loader.ClasspathResourceLoader
2022-07-27 13:25:49,176 - ResourceManager : found /templates/head.vm with loader org.apache.velocity.runtime.resource.loader.ClasspathResourceLoader
2022-07-27 13:25:49,178 - Velocimacro : added VM stringArray: source=/templates/macros/array.js.vm
2022-07-27 13:25:49,178 - Velocimacro : added VM numberArray: source=/templates/macros/array.js.vm
2022-07-27 13:25:49,178 - ResourceManager : found /templates/macros/array.js.vm with loader org.apache.velocity.runtime.resource.loader.ClasspathResourceLoader
2022-07-27 13:25:49,179 - Velocimacro : added VM includeBuildInfo: source=/templates/macros/page/buildinfo.vm
2022-07-27 13:25:49,179 - ResourceManager : found /templates/macros/page/buildinfo.vm with loader org.apache.velocity.runtime.resource.loader.ClasspathResourceLoader
2022-07-27 13:25:49,182 - Velocimacro : added VM includeClassifications: source=/templates/macros/page/classifications.vm
2022-07-27 13:25:49,182 - ResourceManager : found /templates/macros/page/classifications.vm with loader org.apache.velocity.runtime.resource.loader.ClasspathResourceLoader
2022-07-27 13:25:49,182 - Velocimacro : added VM includeLead: source=/templates/macros/page/lead.vm
2022-07-27 13:25:49,182 - ResourceManager : found /templates/macros/page/lead.vm with loader org.apache.velocity.runtime.resource.loader.ClasspathResourceLoader
2022-07-27 13:25:49,184 - Velocimacro : added VM includeNavigation: source=/templates/macros/page/navigation.vm
2022-07-27 13:25:49,184 - ResourceManager : found /templates/macros/page/navigation.vm with loader org.apache.velocity.runtime.resource.loader.ClasspathResourceLoader
2022-07-27 13:25:49,185 - Velocimacro : added VM includeReportInfo: source=/templates/macros/page/reportInfo.vm
2022-07-27 13:25:49,185 - ResourceManager : found /templates/macros/page/reportInfo.vm with loader org.apache.velocity.runtime.resource.loader.ClasspathResourceLoader
2022-07-27 13:25:49,185 - Velocimacro : added VM includeTitle: source=/templates/macros/page/title.vm
2022-07-27 13:25:49,185 - ResourceManager : found /templates/macros/page/title.vm with loader org.apache.velocity.runtime.resource.loader.ClasspathResourceLoader
2022-07-27 13:25:49,188 - Velocimacro : added VM includeExpandingButtons: source=/templates/macros/report/expandAllButtons.vm
2022-07-27 13:25:49,188 - ResourceManager : found /templates/macros/report/expandAllButtons.vm with loader org.apache.velocity.runtime.resource.loader.ClasspathResourceLoader
2022-07-27 13:25:49,191 - Velocimacro : added VM includeReportTable: source=/templates/macros/report/reportTable.vm
2022-07-27 13:25:49,191 - ResourceManager : found /templates/macros/report/reportTable.vm with loader org.apache.velocity.runtime.resource.loader.ClasspathResourceLoader
2022-07-27 13:25:49,192 - Velocimacro : added VM includeReportHeader: source=/templates/macros/report/reportHeader.vm
2022-07-27 13:25:49,192 - ResourceManager : found /templates/macros/report/reportHeader.vm with loader org.apache.velocity.runtime.resource.loader.ClasspathResourceLoader
2022-07-27 13:25:49,195 - Velocimacro : added VM includeStatsTable: source=/templates/macros/report/statsTable.vm
2022-07-27 13:25:49,196 - ResourceManager : found /templates/macros/report/statsTable.vm with loader org.apache.velocity.runtime.resource.loader.ClasspathResourceLoader
2022-07-27 13:25:49,197 - Velocimacro : added VM includeBrief: source=/templates/macros/json/brief.vm
2022-07-27 13:25:49,197 - ResourceManager : found /templates/macros/json/brief.vm with loader org.apache.velocity.runtime.resource.loader.ClasspathResourceLoader
2022-07-27 13:25:49,197 - Velocimacro : added VM includeDocString: source=/templates/macros/json/docstring.vm
2022-07-27 13:25:49,197 - ResourceManager : found /templates/macros/json/docstring.vm with loader org.apache.velocity.runtime.resource.loader.ClasspathResourceLoader
2022-07-27 13:25:49,198 - Velocimacro : added VM includeDuration: source=/templates/macros/json/duration.vm
2022-07-27 13:25:49,198 - ResourceManager : found /templates/macros/json/duration.vm with loader org.apache.velocity.runtime.resource.loader.ClasspathResourceLoader
2022-07-27 13:25:49,201 - Velocimacro : added VM includeElement: source=/templates/macros/json/element.vm
2022-07-27 13:25:49,201 - ResourceManager : found /templates/macros/json/element.vm with loader org.apache.velocity.runtime.resource.loader.ClasspathResourceLoader
2022-07-27 13:25:49,207 - Velocimacro : added VM includeEmbeddings: source=/templates/macros/json/embeddings.vm
2022-07-27 13:25:49,208 - Velocimacro : added VM includeHtmlEmbedding: source=/templates/macros/json/embeddings.vm
2022-07-27 13:25:49,208 - Velocimacro : added VM includeVideoEmbedding: source=/templates/macros/json/embeddings.vm
2022-07-27 13:25:49,208 - Velocimacro : added VM includeImageEmbedding: source=/templates/macros/json/embeddings.vm
2022-07-27 13:25:49,208 - Velocimacro : added VM includeImageReferenceEmbedding: source=/templates/macros/json/embeddings.vm
2022-07-27 13:25:49,208 - Velocimacro : added VM includeTextEmbedding: source=/templates/macros/json/embeddings.vm
2022-07-27 13:25:49,210 - Velocimacro : added VM includeUnknownEmbedding: source=/templates/macros/json/embeddings.vm
2022-07-27 13:25:49,210 - ResourceManager : found /templates/macros/json/embeddings.vm with loader org.apache.velocity.runtime.resource.loader.ClasspathResourceLoader
2022-07-27 13:25:49,212 - Velocimacro : added VM includeHooks: source=/templates/macros/json/hooks.vm
2022-07-27 13:25:49,212 - ResourceManager : found /templates/macros/json/hooks.vm with loader org.apache.velocity.runtime.resource.loader.ClasspathResourceLoader
2022-07-27 13:25:49,214 - Velocimacro : added VM includeOutput: source=/templates/macros/json/output.vm
2022-07-27 13:25:49,214 - ResourceManager : found /templates/macros/json/output.vm with loader org.apache.velocity.runtime.resource.loader.ClasspathResourceLoader
2022-07-27 13:25:49,214 - Velocimacro : added VM includeMessage: source=/templates/macros/json/message.vm
2022-07-27 13:25:49,214 - ResourceManager : found /templates/macros/json/message.vm with loader org.apache.velocity.runtime.resource.loader.ClasspathResourceLoader
2022-07-27 13:25:49,215 - Velocimacro : added VM includeSteps: source=/templates/macros/json/steps.vm
2022-07-27 13:25:49,215 - ResourceManager : found /templates/macros/json/steps.vm with loader org.apache.velocity.runtime.resource.loader.ClasspathResourceLoader
2022-07-27 13:25:49,215 - Velocimacro : added VM includeStepName: source=/templates/macros/json/stepName.vm
2022-07-27 13:25:49,216 - ResourceManager : found /templates/macros/json/stepName.vm with loader org.apache.velocity.runtime.resource.loader.ClasspathResourceLoader
2022-07-27 13:25:49,216 - Velocimacro : added VM includeTags: source=/templates/macros/json/tags.vm
2022-07-27 13:25:49,216 - ResourceManager : found /templates/macros/json/tags.vm with loader org.apache.velocity.runtime.resource.loader.ClasspathResourceLoader
2022-07-27 13:25:49,223 - VM #includeNavigation: too few arguments to macro. Wanted 1 got 0
2022-07-27 13:25:49,223 - Left side ($active_tab) of '==' operation has null value. If it is a reference, it may not be in the context or its toString() returned null. /templates/macros/page/navigation.vm[line 14, column 51]
2022-07-27 13:25:49,223 - Left side ($active_tab) of '==' operation has null value. If it is a reference, it may not be in the context or its toString() returned null. /templates/macros/page/navigation.vm[line 15, column 51]
2022-07-27 13:25:49,223 - Left side ($active_tab) of '==' operation has null value. If it is a reference, it may not be in the context or its toString() returned null. /templates/macros/page/navigation.vm[line 16, column 51]
2022-07-27 13:25:49,223 - Left side ($active_tab) of '==' operation has null value. If it is a reference, it may not be in the context or its toString() returned null. /templates/macros/page/navigation.vm[line 20, column 51]
2022-07-27 13:25:49,236 - ResourceManager : found /templates/footer.vm with loader org.apache.velocity.runtime.resource.loader.ClasspathResourceLoader
